<?xml version='1.0' encoding='UTF-8'?>
<testsuite hostname="Jamf-F9N4763Y1X" name="io.onepintwig.snap.api.CardSpec" tests="4" errors="0" failures="0" skipped="0" time="0.008" timestamp="2023-10-23T23:31:57">
          <properties>
[...]
</properties>
          <testcase classname="io.onepintwig.snap.api.CardSpec" name="snapCheck should snap if suit matches" time="0.008">
                      
                    </testcase><testcase classname="io.onepintwig.snap.api.CardSpec" name="snapCheck should snap if value matches" time="0.0">
                      
                    </testcase><testcase classname="io.onepintwig.snap.api.CardSpec" name="snapCheck should snap if value and suit matches" time="0.0">
                      
                    </testcase><testcase classname="io.onepintwig.snap.api.CardSpec" name="snapCheck should never snap if nothing matches" time="0.0">
                      
                    </testcase>
          <system-out><![CDATA[]]></system-out>
          <system-err><![CDATA[]]></system-err>
        </testsuite>